#
# A fatal error has been detected by the Java Runtime Environment:
#
#  SIGSEGV (0xb) at pc=0x00007f1cb65f4bd5, pid=31518, tid=139761270728448
#
# JRE version: Java(TM) SE Runtime Environment (7.0_67-b01) (build 1.7.0_67-b01)
# Java VM: Java HotSpot(TM) 64-Bit Server VM (24.65-b04 mixed mode linux-amd64 compressed oops)
# Problematic frame:
# V  [libjvm.so+0x5babd5]  instanceKlass::oop_follow_contents(ParCompactionManager*, oopDesc*)+0x2c5
#
# Failed to write core dump. Core dumps have been disabled. To enable core dumping, try "ulimit -c unlimited" before starting Java again
#
# If you would like to submit a bug report, please visit:
#   http://bugreport.sun.com/bugreport/crash.jsp
#

---------------  T H R E A D  ---------------

Current thread (0x00007f1cb001e800):  GCTaskThread [stack: 0x00007f1cb4d52000,0x00007f1cb4e53000] [id=31524]

siginfo:si_signo=SIGSEGV: si_errno=0, si_code=128 (), si_addr=0x0000000000000000

Registers:
RAX=0x00007f1ca8680000, RBX=0x00000007fab8bb80, RCX=0x000000000000002a, RDX=0x007ffffffc4b1401
RSP=0x00007f1cb4e51870, RBP=0x00007f1cb4e518d0, RSI=0x0000000000000000, RDI=0x0000000000000003
R8 =0x0000040000000000, R9 =0x000000076d030698, R10=0x0000000000000005, R11=0x00007f1cb6e7fd80
R12=0x00007f1cb6e83de0, R13=0x0000000003280350, R14=0x00007f1cb001eee0, R15=0x00007f1cb0061a30
RIP=0x00007f1cb65f4bd5, EFLAGS=0x0000000000010206, CSGSFS=0x0000000000000033, ERR=0x0000000000000000
  TRAPNO=0x000000000000000d

Top of Stack: (sp=0x00007f1cb4e51870)
0x00007f1cb4e51870:   00000007fab8bb70 000000076d0308d8
0x00007f1cb4e51880:   000000076d0308e8 00000007fab8bb84
0x00007f1cb4e51890:   00007f1cb6e47f28 00007f1cb0061a70
0x00007f1cb4e518a0:   00000007fab8bb70 00007f1cb0061a30
0x00007f1cb4e518b0:   00007f1cb6e7fd80 00007f1cb6e76178
0x00007f1cb4e518c0:   00007f1cb001eee0 00007f1cb0061a40
0x00007f1cb4e518d0:   00007f1cb4e519c0 00007f1cb68abfcc
0x00007f1cb4e518e0:   00007f1cb0061fd0 00007f1cb4e51930
0x00007f1cb4e518f0:   00007f1cb4e51940 00007f1cb4e51920
0x00007f1cb4e51900:   00007f1cb4e51960 00007f1cb4e51970
0x00007f1cb4e51910:   00007f1cb0061a70 00007f1cb0061af0
0x00007f1cb4e51920:   00007f1cb4e51990 00000036eec0b4d6
0x00007f1cb4e51930:   0000000000000000 00007f1cb001fc50
0x00007f1cb4e51940:   00007f1cb001e800 0000000000000030
0x00007f1cb4e51950:   0000a81d000009d9 00007f1cb001fc00
0x00007f1cb4e51960:   00000007726fe138 00007f1cb0061a30
0x00007f1cb4e51970:   00007f1cb4e519a0 00007f1cb68b90be
0x00007f1cb4e51980:   000000076d0a99e0 00007f1cb0061a30
0x00007f1cb4e51990:   00007f1cb4e519c0 00007f1cb0022a90
0x00007f1cb4e519a0:   00007f1cb0061a30 0000000000000001
0x00007f1cb4e519b0:   00007f1cb001eee0 00007f1cb6a4a180
0x00007f1cb4e519c0:   00007f1cb4e51a50 00007f1cb6893348
0x00007f1cb4e519d0:   00007f1cb001e200 00007f1cb001e800
0x00007f1cb4e519e0:   0000000000000003 00007f1cb001e180
0x00007f1cb4e519f0:   00007f1cb001e800 00007f1cb6853079
0x00007f1cb4e51a00:   00007f1cb6e37350 00007f1cb0022a00
0x00007f1cb4e51a10:   0000000000000000 00007f1cb0061a30
0x00007f1cb4e51a20:   00007f1cb4e51a50 00007f1cb0022a90
0x00007f1cb4e51a30:   00007f1cb001e800 0000000000000001
0x00007f1cb4e51a40:   00007f1cb001eee0 00007f1cb6a4a180
0x00007f1cb4e51a50:   00007f1cb4e51b60 00007f1cb659104f
0x00007f1cb4e51a60:   0000000000000000 00007f1cb4e51aa0 

Instructions: (pc=0x00007f1cb65f4bd5)
0x00007f1cb65f4bb5:   89 c1 49 8b 44 24 30 49 d3 e8 4c 89 c2 44 89 c1
0x00007f1cb65f4bc5:   41 b8 01 00 00 00 83 e1 3f 48 c1 ea 06 49 d3 e0
0x00007f1cb65f4bd5:   4c 85 04 d0 75 8d 48 8b 05 66 be 84 00 80 38 00
0x00007f1cb65f4be5:   0f 85 05 02 00 00 49 8b 45 08 48 8d 70 10 4c 89 

Register to memory mapping:

RAX=0x00007f1ca8680000 is an unknown value
RBX=0x00000007fab8bb80 is an unknown value
RCX=0x000000000000002a is an unknown value
RDX=0x007ffffffc4b1401 is an unknown value
RSP=0x00007f1cb4e51870 is an unknown value
RBP=0x00007f1cb4e518d0 is an unknown value
RSI=0x0000000000000000 is an unknown value
RDI=0x0000000000000003 is an unknown value
R8 =0x0000040000000000 is an unknown value
R9 =0x000000076d030698 is pointing into object: 0x000000076d030688
{instance class} 
 - klass: {other class}
R10=0x0000000000000005 is an unknown value
R11=0x00007f1cb6e7fd80: <offset 0xe45d80> in /usr/java/jdk1.7.0_67-cloudera/jre/lib/amd64/server/libjvm.so at 0x00007f1cb603a000
R12=0x00007f1cb6e83de0: <offset 0xe49de0> in /usr/java/jdk1.7.0_67-cloudera/jre/lib/amd64/server/libjvm.so at 0x00007f1cb603a000
R13=0x0000000003280350 is an unknown value
R14=0x00007f1cb001eee0 is an unknown value
R15=0x00007f1cb0061a30 is an unknown value


Stack: [0x00007f1cb4d52000,0x00007f1cb4e53000],  sp=0x00007f1cb4e51870,  free space=1022k
Native frames: (J=compiled Java code, j=interpreted, Vv=VM code, C=native code)
V  [libjvm.so+0x5babd5]  instanceKlass::oop_follow_contents(ParCompactionManager*, oopDesc*)+0x2c5
V  [libjvm.so+0x871fcc]  ParCompactionManager::follow_marking_stacks()+0x1ec
V  [libjvm.so+0x859348]  MarkFromRootsTask::do_it(GCTaskManager*, unsigned int)+0x78
V  [libjvm.so+0x55704f]  GCTaskThread::run()+0x12f
V  [libjvm.so+0x81f988]  java_start(Thread*)+0x108


---------------  P R O C E S S  ---------------

Java Threads: ( => current thread )
  0x00007f1cb0091000 JavaThread "Service Thread" daemon [_thread_blocked, id=31532, stack(0x00007f1c9b9fa000,0x00007f1c9bafb000)]
  0x00007f1cb008f000 JavaThread "C2 CompilerThread1" daemon [_thread_blocked, id=31531, stack(0x00007f1c9bafb000,0x00007f1c9bbfc000)]
  0x00007f1cb008c000 JavaThread "C2 CompilerThread0" daemon [_thread_blocked, id=31530, stack(0x00007f1c9bbfc000,0x00007f1c9bcfd000)]
  0x00007f1cb008a000 JavaThread "Signal Dispatcher" daemon [_thread_blocked, id=31529, stack(0x00007f1c9bcfd000,0x00007f1c9bdfe000)]
  0x00007f1cb006a800 JavaThread "Finalizer" daemon [_thread_blocked, id=31528, stack(0x00007f1c9bdfe000,0x00007f1c9beff000)]
  0x00007f1cb0068800 JavaThread "Reference Handler" daemon [_thread_blocked, id=31527, stack(0x00007f1c9beff000,0x00007f1c9c000000)]
  0x00007f1cb0009000 JavaThread "main" [_thread_blocked, id=31523, stack(0x00007f1cb5f39000,0x00007f1cb603a000)]

Other Threads:
  0x00007f1cb0064000 VMThread [stack: 0x00007f1ca8038000,0x00007f1ca8139000] [id=31526]
  0x00007f1cb009b800 WatcherThread [stack: 0x00007f1c9b8f9000,0x00007f1c9b9fa000] [id=31533]

=>0x00007f1cb001e800 (exited) GCTaskThread [stack: 0x00007f1cb4d52000,0x00007f1cb4e53000] [id=31524]

VM state:at safepoint (normal execution)

VM Mutex/Monitor currently owned by a thread:  ([mutex/lock_event])
[0x00007f1cb0006590] Threads_lock - owner thread: 0x00007f1cb0064000
[0x00007f1cb0006a90] Heap_lock - owner thread: 0x00007f1cb0009000

Heap
 PSYoungGen      total 544768K, used 90087K [0x00000007d0b00000, 0x0000000800000000, 0x0000000800000000)
  eden space 454656K, 0% used [0x00000007d0b00000,0x00000007d0b00000,0x00000007ec700000)
  from space 90112K, 99% used [0x00000007fa800000,0x00000007ffff9f68,0x0000000800000000)
  to   space 160256K, 0% used [0x00000007ec700000,0x00000007ec700000,0x00000007f6380000)
 ParOldGen       total 370688K, used 370468K [0x0000000772200000, 0x0000000788c00000, 0x00000007d0b00000)
  object space 370688K, 99% used [0x0000000772200000,0x0000000788bc9018,0x0000000788c00000)
 PSPermGen       total 38912K, used 19454K [0x000000076d000000, 0x000000076f600000, 0x0000000772200000)
  object space 38912K, 49% used [0x000000076d000000,0x000000076e2ffb88,0x000000076f600000)

Card table byte_map: [0x00007f1cb5171000,0x00007f1cb560a000] byte_map_base: 0x00007f1cb1609000

Polling page: 0x00007f1cb70d5000

Code Cache  [0x00007f1cad000000, 0x00007f1cad4a0000, 0x00007f1cb0000000)
 total_blobs=1589 nmethods=1287 adapters=254 free_code_cache=44612Kb largest_free_block=45509824

Compilation events (10 events):
Event: 58.284 Thread 0x00007f1cb008c000 nmethod 1390 0x00007f1cad181890 code [0x00007f1cad1819e0, 0x00007f1cad181bd8]
Event: 58.284 Thread 0x00007f1cb008c000 1393             sun.security.provider.DigestBase::engineUpdate (188 bytes)
Event: 58.289 Thread 0x00007f1cb008c000 nmethod 1393 0x00007f1cad271290 code [0x00007f1cad271420, 0x00007f1cad271828]
Event: 58.290 Thread 0x00007f1cb008c000 1394             sun.security.provider.ByteArrayAccess::b2iBig64 (614 bytes)
Event: 58.297 Thread 0x00007f1cb008c000 nmethod 1394 0x00007f1cad376490 code [0x00007f1cad3765e0, 0x00007f1cad3767f8]
Event: 58.304 Thread 0x00007f1cb008f000 nmethod 1392 0x00007f1cad45c0d0 code [0x00007f1cad45c240, 0x00007f1cad45cd78]
Event: 58.572 Thread 0x00007f1cb008c000 1395 %           org.apache.maven.plugins.shade.DefaultShader::shade @ 343 (653 bytes)
Event: 58.787 Thread 0x00007f1cb008c000 nmethod 1395% 0x00007f1cad480990 code [0x00007f1cad481100, 0x00007f1cad486130]
Event: 59.240 Thread 0x00007f1cb008f000 1396 %           org.apache.maven.plugins.shade.DefaultShader::shade @ 343 (653 bytes)
Event: 59.471 Thread 0x00007f1cb008f000 nmethod 1396% 0x00007f1cad48ce10 code [0x00007f1cad48d5a0, 0x00007f1cad4927e0]

GC Heap History (10 events):
Event: 25.747 GC heap after
Heap after GC invocations=13 (full 0):
 PSYoungGen      total 393728K, used 8288K [0x00000007d0b00000, 0x00000007f7780000, 0x0000000800000000)
  eden space 378368K, 0% used [0x00000007d0b00000,0x00000007d0b00000,0x00000007e7c80000)
  from space 15360K, 53% used [0x00000007e7c80000,0x00000007e8498000,0x00000007e8b80000)
  to   space 14848K, 0% used [0x00000007f6900000,0x00000007f6900000,0x00000007f7780000)
 ParOldGen       total 96768K, used 28607K [0x0000000772200000, 0x0000000778080000, 0x00000007d0b00000)
  object space 96768K, 29% used [0x0000000772200000,0x0000000773defff8,0x0000000778080000)
 PSPermGen       total 21504K, used 16736K [0x000000076d000000, 0x000000076e500000, 0x0000000772200000)
  object space 21504K, 77% used [0x000000076d000000,0x000000076e0583d8,0x000000076e500000)
}
Event: 27.587 GC heap before
{Heap before GC invocations=14 (full 0):
 PSYoungGen      total 393728K, used 386656K [0x00000007d0b00000, 0x00000007f7780000, 0x0000000800000000)
  eden space 378368K, 100% used [0x00000007d0b00000,0x00000007e7c80000,0x00000007e7c80000)
  from space 15360K, 53% used [0x00000007e7c80000,0x00000007e8498000,0x00000007e8b80000)
  to   space 14848K, 0% used [0x00000007f6900000,0x00000007f6900000,0x00000007f7780000)
 ParOldGen       total 96768K, used 28607K [0x0000000772200000, 0x0000000778080000, 0x00000007d0b00000)
  object space 96768K, 29% used [0x0000000772200000,0x0000000773defff8,0x0000000778080000)
 PSPermGen       total 21504K, used 16779K [0x000000076d000000, 0x000000076e500000, 0x0000000772200000)
  object space 21504K, 78% used [0x000000076d000000,0x000000076e062c78,0x000000076e500000)
Event: 27.601 GC heap after
Heap after GC invocations=14 (full 0):
 PSYoungGen      total 620544K, used 2992K [0x00000007d0b00000, 0x00000007f7780000, 0x0000000800000000)
  eden space 605696K, 0% used [0x00000007d0b00000,0x00000007d0b00000,0x00000007f5a80000)
  from space 14848K, 20% used [0x00000007f6900000,0x00000007f6bec010,0x00000007f7780000)
  to   space 14848K, 0% used [0x00000007f5a80000,0x00000007f5a80000,0x00000007f6900000)
 ParOldGen       total 96768K, used 29567K [0x0000000772200000, 0x0000000778080000, 0x00000007d0b00000)
  object space 96768K, 30% used [0x0000000772200000,0x0000000773edfff8,0x0000000778080000)
 PSPermGen       total 21504K, used 16779K [0x000000076d000000, 0x000000076e500000, 0x0000000772200000)
  object space 21504K, 78% used [0x000000076d000000,0x000000076e062c78,0x000000076e500000)
}
Event: 44.132 GC heap before
{Heap before GC invocations=15 (full 0):
 PSYoungGen      total 620544K, used 608688K [0x00000007d0b00000, 0x00000007f7780000, 0x0000000800000000)
  eden space 605696K, 100% used [0x00000007d0b00000,0x00000007f5a80000,0x00000007f5a80000)
  from space 14848K, 20% used [0x00000007f6900000,0x00000007f6bec010,0x00000007f7780000)
  to   space 14848K, 0% used [0x00000007f5a80000,0x00000007f5a80000,0x00000007f6900000)
 ParOldGen       total 96768K, used 29567K [0x0000000772200000, 0x0000000778080000, 0x00000007d0b00000)
  object space 96768K, 30% used [0x0000000772200000,0x0000000773edfff8,0x0000000778080000)
 PSPermGen       total 21504K, used 19403K [0x000000076d000000, 0x000000076e500000, 0x0000000772200000)
  object space 21504K, 90% used [0x000000076d000000,0x000000076e2f2dd0,0x000000076e500000)
Event: 44.999 GC heap after
Heap after GC invocations=15 (full 0):
 PSYoungGen      total 620544K, used 14832K [0x00000007d0b00000, 0x0000000800000000, 0x0000000800000000)
  eden space 605696K, 0% used [0x00000007d0b00000,0x00000007d0b00000,0x00000007f5a80000)
  from space 14848K, 99% used [0x00000007f5a80000,0x00000007f68fc040,0x00000007f6900000)
  to   space 90112K, 0% used [0x00000007fa800000,0x00000007fa800000,0x0000000800000000)
 ParOldGen       total 227328K, used 227009K [0x0000000772200000, 0x0000000780000000, 0x00000007d0b00000)
  object space 227328K, 99% used [0x0000000772200000,0x000000077ffb0688,0x0000000780000000)
 PSPermGen       total 21504K, used 19403K [0x000000076d000000, 0x000000076e500000, 0x0000000772200000)
  object space 21504K, 90% used [0x000000076d000000,0x000000076e2f2dd0,0x000000076e500000)
}
Event: 44.999 GC heap before
{Heap before GC invocations=16 (full 1):
 PSYoungGen      total 620544K, used 14832K [0x00000007d0b00000, 0x0000000800000000, 0x0000000800000000)
  eden space 605696K, 0% used [0x00000007d0b00000,0x00000007d0b00000,0x00000007f5a80000)
  from space 14848K, 99% used [0x00000007f5a80000,0x00000007f68fc040,0x00000007f6900000)
  to   space 90112K, 0% used [0x00000007fa800000,0x00000007fa800000,0x0000000800000000)
 ParOldGen       total 227328K, used 227009K [0x0000000772200000, 0x0000000780000000, 0x00000007d0b00000)
  object space 227328K, 99% used [0x0000000772200000,0x000000077ffb0688,0x0000000780000000)
 PSPermGen       total 21504K, used 19403K [0x000000076d000000, 0x000000076e500000, 0x0000000772200000)
  object space 21504K, 90% used [0x000000076d000000,0x000000076e2f2dd0,0x000000076e500000)
Event: 45.490 GC heap after
Heap after GC invocations=16 (full 1):
 PSYoungGen      total 620544K, used 0K [0x00000007d0b00000, 0x0000000800000000, 0x0000000800000000)
  eden space 605696K, 0% used [0x00000007d0b00000,0x00000007d0b00000,0x00000007f5a80000)
  from space 14848K, 0% used [0x00000007f5a80000,0x00000007f5a80000,0x00000007f6900000)
  to   space 90112K, 0% used [0x00000007fa800000,0x00000007fa800000,0x0000000800000000)
 ParOldGen       total 353280K, used 226090K [0x0000000772200000, 0x0000000787b00000, 0x00000007d0b00000)
  object space 353280K, 63% used [0x0000000772200000,0x000000077fecaa10,0x0000000787b00000)
 PSPermGen       total 38912K, used 19392K [0x000000076d000000, 0x000000076f600000, 0x0000000772200000)
  object space 38912K, 49% used [0x000000076d000000,0x000000076e2f02d0,0x000000076f600000)
}
Event: 61.951 GC heap before
{Heap before GC invocations=17 (full 1):
 PSYoungGen      total 620544K, used 605696K [0x00000007d0b00000, 0x0000000800000000, 0x0000000800000000)
  eden space 605696K, 100% used [0x00000007d0b00000,0x00000007f5a80000,0x00000007f5a80000)
  from space 14848K, 0% used [0x00000007f5a80000,0x00000007f5a80000,0x00000007f6900000)
  to   space 90112K, 0% used [0x00000007fa800000,0x00000007fa800000,0x0000000800000000)
 ParOldGen       total 353280K, used 226090K [0x0000000772200000, 0x0000000787b00000, 0x00000007d0b00000)
  object space 353280K, 63% used [0x0000000772200000,0x000000077fecaa10,0x0000000787b00000)
 PSPermGen       total 38912K, used 19454K [0x000000076d000000, 0x000000076f600000, 0x0000000772200000)
  object space 38912K, 49% used [0x000000076d000000,0x000000076e2ffb88,0x000000076f600000)
Event: 62.713 GC heap after
Heap after GC invocations=17 (full 1):
 PSYoungGen      total 544768K, used 90087K [0x00000007d0b00000, 0x0000000800000000, 0x0000000800000000)
  eden space 454656K, 0% used [0x00000007d0b00000,0x00000007d0b00000,0x00000007ec700000)
  from space 90112K, 99% used [0x00000007fa800000,0x00000007ffff9f68,0x0000000800000000)
  to   space 160256K, 0% used [0x00000007ec700000,0x00000007ec700000,0x00000007f6380000)
 ParOldGen       total 370688K, used 370468K [0x0000000772200000, 0x0000000788c00000, 0x00000007d0b00000)
  object space 370688K, 99% used [0x0000000772200000,0x0000000788bc9018,0x0000000788c00000)
 PSPermGen       total 38912K, used 19454K [0x000000076d000000, 0x000000076f600000, 0x0000000772200000)
  object space 38912K, 49% used [0x000000076d000000,0x000000076e2ffb88,0x000000076f600000)
}
Event: 62.713 GC heap before
{Heap before GC invocations=18 (full 2):
 PSYoungGen      total 544768K, used 90087K [0x00000007d0b00000, 0x0000000800000000, 0x0000000800000000)
  eden space 454656K, 0% used [0x00000007d0b00000,0x00000007d0b00000,0x00000007ec700000)
  from space 90112K, 99% used [0x00000007fa800000,0x00000007ffff9f68,0x0000000800000000)
  to   space 160256K, 0% used [0x00000007ec700000,0x00000007ec700000,0x00000007f6380000)
 ParOldGen       total 370688K, used 370468K [0x0000000772200000, 0x0000000788c00000, 0x00000007d0b00000)
  object space 370688K, 99% used [0x0000000772200000,0x0000000788bc9018,0x0000000788c00000)
 PSPermGen       total 38912K, used 19454K [0x000000076d000000, 0x000000076f600000, 0x0000000772200000)
  object space 38912K, 49% used [0x000000076d000000,0x000000076e2ffb88,0x000000076f600000)

Deoptimization events (10 events):
Event: 35.166 Thread 0x00007f1cb0009000 Uncommon trap: reason=class_check action=maybe_recompile pc=0x00007f1cad4437ec method=org.codehaus.plexus.util.IOUtil.copy(Ljava/io/InputStream;Ljava/io/OutputStream;I)V @ 10
Event: 35.170 Thread 0x00007f1cb0009000 Uncommon trap: reason=class_check action=maybe_recompile pc=0x00007f1cad453f9c method=org.codehaus.plexus.util.IOUtil.close(Ljava/io/InputStream;)V @ 6
Event: 35.170 Thread 0x00007f1cb0009000 Uncommon trap: reason=class_check action=maybe_recompile pc=0x00007f1cad453f9c method=org.codehaus.plexus.util.IOUtil.close(Ljava/io/InputStream;)V @ 6
Event: 35.171 Thread 0x00007f1cb0009000 Uncommon trap: reason=class_check action=maybe_recompile pc=0x00007f1cad453f9c method=org.codehaus.plexus.util.IOUtil.close(Ljava/io/InputStream;)V @ 6
Event: 35.182 Thread 0x00007f1cb0009000 Uncommon trap: reason=class_check action=maybe_recompile pc=0x00007f1cad4437ec method=org.codehaus.plexus.util.IOUtil.copy(Ljava/io/InputStream;Ljava/io/OutputStream;I)V @ 10
Event: 35.184 Thread 0x00007f1cb0009000 Uncommon trap: reason=class_check action=maybe_recompile pc=0x00007f1cad4437ec method=org.codehaus.plexus.util.IOUtil.copy(Ljava/io/InputStream;Ljava/io/OutputStream;I)V @ 10
Event: 36.403 Thread 0x00007f1cb0009000 Uncommon trap: reason=predicate action=maybe_recompile pc=0x00007f1cad089de8 method=org.codehaus.plexus.util.IOUtil.copy(Ljava/io/InputStream;Ljava/io/OutputStream;I)V @ 19
Event: 57.936 Thread 0x00007f1cb0009000 Uncommon trap: reason=class_check action=maybe_recompile pc=0x00007f1cad154638 method=java.util.Arrays.copyOf([Ljava/lang/Object;ILjava/lang/Class;)[Ljava/lang/Object; @ 25
Event: 58.241 Thread 0x00007f1cb0009000 Uncommon trap: reason=class_check action=maybe_recompile pc=0x00007f1cad46bbc4 method=org.codehaus.plexus.util.IOUtil.close(Ljava/io/InputStream;)V @ 6
Event: 58.903 Thread 0x00007f1cb0009000 Uncommon trap: reason=null_check action=make_not_entrant pc=0x00007f1cad48521c method=java.util.zip.ZipFile.close()V @ 160

Internal exceptions (10 events):
Event: 29.629 Thread 0x00007f1cb0009000 Threw 0x00000007d3c0ee90 at /HUDSON/workspace/7u-2-build-linux-amd64/jdk7u67/1368/hotspot/src/share/vm/prims/jvm.cpp:1244
Event: 29.630 Thread 0x00007f1cb0009000 Threw 0x00000007d3c13390 at /HUDSON/workspace/7u-2-build-linux-amd64/jdk7u67/1368/hotspot/src/share/vm/prims/jvm.cpp:1244
Event: 29.655 Thread 0x00007f1cb0009000 Threw 0x00000007d3cb9768 at /HUDSON/workspace/7u-2-build-linux-amd64/jdk7u67/1368/hotspot/src/share/vm/prims/jvm.cpp:1244
Event: 29.659 Thread 0x00007f1cb0009000 Threw 0x00000007d3cd0cf8 at /HUDSON/workspace/7u-2-build-linux-amd64/jdk7u67/1368/hotspot/src/share/vm/prims/jvm.cpp:1244
Event: 29.659 Thread 0x00007f1cb0009000 Threw 0x00000007d3cd5330 at /HUDSON/workspace/7u-2-build-linux-amd64/jdk7u67/1368/hotspot/src/share/vm/prims/jvm.cpp:1244
Event: 29.659 Thread 0x00007f1cb0009000 Threw 0x00000007d3cdab60 at /HUDSON/workspace/7u-2-build-linux-amd64/jdk7u67/1368/hotspot/src/share/vm/prims/jvm.cpp:1244
Event: 29.660 Thread 0x00007f1cb0009000 Threw 0x00000007d3cdedd0 at /HUDSON/workspace/7u-2-build-linux-amd64/jdk7u67/1368/hotspot/src/share/vm/prims/jvm.cpp:1244
Event: 29.661 Thread 0x00007f1cb0009000 Threw 0x00000007d3ce50b0 at /HUDSON/workspace/7u-2-build-linux-amd64/jdk7u67/1368/hotspot/src/share/vm/prims/jvm.cpp:1244
Event: 29.663 Thread 0x00007f1cb0009000 Threw 0x00000007d3cebfd8 at /HUDSON/workspace/7u-2-build-linux-amd64/jdk7u67/1368/hotspot/src/share/vm/prims/jvm.cpp:1244
Event: 58.902 Thread 0x00007f1cb0009000 Implicit null exception at 0x00007f1cad4835e8 to 0x00007f1cad485205

Events (10 events):
Event: 58.304 Thread 0x00007f1cb008f000 flushing nmethod 0x00007f1cad200910
Event: 58.304 Thread 0x00007f1cb008f000 flushing nmethod 0x00007f1cad2189d0
Event: 58.787 Thread 0x00007f1cb008c000 flushing nmethod 0x00007f1cad27ebd0
Event: 58.788 Thread 0x00007f1cb008c000 flushing nmethod 0x00007f1cad29da10
Event: 58.902 Thread 0x00007f1cb0009000 Uncommon trap: trap_request=0xfffffff4 fr.pc=0x00007f1cad48521c
Event: 58.902 Executing VM operation: RevokeBias
Event: 58.902 Executing VM operation: RevokeBias done
Event: 58.903 Thread 0x00007f1cb0009000 DEOPT PACKING pc=0x00007f1cad48521c sp=0x00007f1cb6037660
Event: 58.903 Thread 0x00007f1cb0009000 DEOPT UNPACKING pc=0x00007f1cad039445 sp=0x00007f1cb60375c0 mode 2
Event: 61.950 Executing VM operation: ParallelGCFailedAllocation


Dynamic libraries:
00400000-00401000 r-xp 00000000 fd:00 2894921                            /usr/java/jdk1.7.0_67-cloudera/bin/java
00600000-00601000 rw-p 00000000 fd:00 2894921                            /usr/java/jdk1.7.0_67-cloudera/bin/java
00cb1000-00cd2000 rw-p 00000000 00:00 0                                  [heap]
76d000000-76f600000 rw-p 00000000 00:00 0 
76f600000-772200000 rw-p 00000000 00:00 0 
772200000-788c00000 rw-p 00000000 00:00 0 
788c00000-7d0b00000 rw-p 00000000 00:00 0 
7d0b00000-800000000 rw-p 00000000 00:00 0 
36ee000000-36ee020000 r-xp 00000000 fd:00 3152590                        /lib64/ld-2.12.so
36ee21f000-36ee220000 r--p 0001f000 fd:00 3152590                        /lib64/ld-2.12.so
36ee220000-36ee221000 rw-p 00020000 fd:00 3152590                        /lib64/ld-2.12.so
36ee221000-36ee222000 rw-p 00000000 00:00 0 
36ee400000-36ee402000 r-xp 00000000 fd:00 3152593                        /lib64/libdl-2.12.so
36ee402000-36ee602000 ---p 00002000 fd:00 3152593                        /lib64/libdl-2.12.so
36ee602000-36ee603000 r--p 00002000 fd:00 3152593                        /lib64/libdl-2.12.so
36ee603000-36ee604000 rw-p 00003000 fd:00 3152593                        /lib64/libdl-2.12.so
36ee800000-36ee98a000 r-xp 00000000 fd:00 3152591                        /lib64/libc-2.12.so
36ee98a000-36eeb89000 ---p 0018a000 fd:00 3152591                        /lib64/libc-2.12.so
36eeb89000-36eeb8d000 r--p 00189000 fd:00 3152591                        /lib64/libc-2.12.so
36eeb8d000-36eeb8e000 rw-p 0018d000 fd:00 3152591                        /lib64/libc-2.12.so
36eeb8e000-36eeb93000 rw-p 00000000 00:00 0 
36eec00000-36eec17000 r-xp 00000000 fd:00 3152603                        /lib64/libpthread-2.12.so
36eec17000-36eee17000 ---p 00017000 fd:00 3152603                        /lib64/libpthread-2.12.so
36eee17000-36eee18000 r--p 00017000 fd:00 3152603                        /lib64/libpthread-2.12.so
36eee18000-36eee19000 rw-p 00018000 fd:00 3152603                        /lib64/libpthread-2.12.so
36eee19000-36eee1d000 rw-p 00000000 00:00 0 
36ef000000-36ef083000 r-xp 00000000 fd:00 3152623                        /lib64/libm-2.12.so
36ef083000-36ef282000 ---p 00083000 fd:00 3152623                        /lib64/libm-2.12.so
36ef282000-36ef283000 r--p 00082000 fd:00 3152623                        /lib64/libm-2.12.so
36ef283000-36ef284000 rw-p 00083000 fd:00 3152623                        /lib64/libm-2.12.so
36ef800000-36ef807000 r-xp 00000000 fd:00 3152604                        /lib64/librt-2.12.so
36ef807000-36efa06000 ---p 00007000 fd:00 3152604                        /lib64/librt-2.12.so
36efa06000-36efa07000 r--p 00006000 fd:00 3152604                        /lib64/librt-2.12.so
36efa07000-36efa08000 rw-p 00007000 fd:00 3152604                        /lib64/librt-2.12.so
7f1c70000000-7f1c70021000 rw-p 00000000 00:00 0 
7f1c70021000-7f1c74000000 ---p 00000000 00:00 0 
7f1c78000000-7f1c7a588000 rw-p 00000000 00:00 0 
7f1c7a588000-7f1c7c000000 ---p 00000000 00:00 0 
7f1c7c000000-7f1c7c021000 rw-p 00000000 00:00 0 
7f1c7c021000-7f1c80000000 ---p 00000000 00:00 0 
7f1c80000000-7f1c80021000 rw-p 00000000 00:00 0 
7f1c80021000-7f1c84000000 ---p 00000000 00:00 0 
7f1c84000000-7f1c857d7000 rw-p 00000000 00:00 0 
7f1c857d7000-7f1c88000000 ---p 00000000 00:00 0 
7f1c88000000-7f1c88021000 rw-p 00000000 00:00 0 
7f1c88021000-7f1c8c000000 ---p 00000000 00:00 0 
7f1c8e16f000-7f1c94000000 r--p 00000000 fd:00 2878575                    /usr/lib/locale/locale-archive
7f1c94000000-7f1c94021000 rw-p 00000000 00:00 0 
7f1c94021000-7f1c98000000 ---p 00000000 00:00 0 
7f1c9b362000-7f1c9b3be000 r--s 00419000 fd:00 1446907                    /home/cloudera/.m2/repository/org/apache/spark/spark-catalyst_2.11/1.5.0/spark-catalyst_2.11-1.5.0.jar
7f1c9b3be000-7f1c9b3c0000 r--s 00019000 fd:00 2895198                    /usr/java/jdk1.7.0_67-cloudera/jre/lib/jce.jar
7f1c9b3c2000-7f1c9b3c3000 rw-p 00000000 00:00 0 
7f1c9b3c3000-7f1c9b3c4000 r--s 00008000 fd:00 3153619                    /home/cloudera/.m2/repository/asm/asm-util/3.2/asm-util-3.2.jar
7f1c9b3c4000-7f1c9b3c5000 r--s 00004000 fd:00 3153616                    /home/cloudera/.m2/repository/asm/asm-analysis/3.2/asm-analysis-3.2.jar
7f1c9b3c5000-7f1c9b3c8000 r--s 00013000 fd:00 1318029                    /home/cloudera/.m2/repository/commons-io/commons-io/1.3.2/commons-io-1.3.2.jar
7f1c9b3c8000-7f1c9b3c9000 r--s 00002000 fd:00 1571234                    /home/cloudera/.m2/repository/org/vafer/jdependency/0.6/jdependency-0.6.jar
7f1c9b3c9000-7f1c9b3cb000 r--s 00007000 fd:00 793554                     /home/cloudera/.m2/repository/org/apache/maven/shared/maven-dependency-tree/1.1/maven-dependency-tree-1.1.jar
7f1c9b3cb000-7f1c9b3ce000 r--s 00023000 fd:00 1571231                    /home/cloudera/.m2/repository/org/jdom/jdom/1.1/jdom-1.1.jar
7f1c9b3ce000-7f1c9b3d0000 r--s 00004000 fd:00 3153613                    /home/cloudera/.m2/repository/asm/asm-tree/3.2/asm-tree-3.2.jar
7f1c9b3d0000-7f1c9b3d2000 r--s 00007000 fd:00 3153610                    /home/cloudera/.m2/repository/asm/asm-commons/3.2/asm-commons-3.2.jar
7f1c9b3d2000-7f1c9b3d3000 r--s 0000a000 fd:00 3022445                    /home/cloudera/.m2/repository/asm/asm/3.2/asm-3.2.jar
7f1c9b3d3000-7f1c9b3d8000 r--s 00039000 fd:00 531869                     /home/cloudera/.m2/repository/org/codehaus/plexus/plexus-utils/1.5.5/plexus-utils-1.5.5.jar
7f1c9b3d8000-7f1c9b3db000 r--s 00012000 fd:00 3289550                    /home/cloudera/.m2/repository/org/apache/maven/plugins/maven-shade-plugin/1.4/maven-shade-plugin-1.4.jar
7f1c9b3db000-7f1c9b3df000 r--s 0002f000 fd:00 1570164                    /home/cloudera/.m2/repository/commons-lang/commons-lang/2.1/commons-lang-2.1.jar
7f1c9b3df000-7f1c9b3e2000 r--s 0000c000 fd:00 1570162                    /home/cloudera/.m2/repository/org/codehaus/plexus/plexus-io/2.0.2/plexus-io-2.0.2.jar
7f1c9b3e2000-7f1c9b3e7000 r--s 00029000 fd:00 1317785                    /home/cloudera/.m2/repository/org/codehaus/plexus/plexus-archiver/2.1/plexus-archiver-2.1.jar
7f1c9b3e7000-7f1c9b3e9000 r--s 0000d000 fd:00 1570160                    /home/cloudera/.m2/repository/org/codehaus/plexus/plexus-interpolation/1.15/plexus-interpolation-1.15.jar
7f1c9b3e9000-7f1c9b3eb000 r--s 00004000 fd:00 1317783                    /home/cloudera/.m2/repository/org/apache/maven/maven-archiver/2.5/maven-archiver-2.5.jar
7f1c9b3eb000-7f1c9b3ed000 r--s 00007000 fd:00 3288702                    /home/cloudera/.m2/repository/org/apache/maven/plugins/maven-jar-plugin/2.4/maven-jar-plugin-2.4.jar
7f1c9b3ed000-7f1c9b3ef000 r--s 00002000 fd:00 1059776                    /home/cloudera/.m2/repository/org/apache/maven/plugin-tools/maven-plugin-annotations/3.1/maven-plugin-annotations-3.1.jar
7f1c9b3ef000-7f1c9b3f0000 r--s 00002000 fd:00 793402                     /home/cloudera/.m2/repository/org/apache/maven/reporting/maven-reporting-api/2.0.9/maven-reporting-api-2.0.9.jar
7f1c9b3f0000-7f1c9b3f4000 r--s 00035000 fd:00 793400                     /home/cloudera/.m2/repository/org/codehaus/plexus/plexus-utils/3.0.8/plexus-utils-3.0.8.jar
7f1c9b3f4000-7f1c9b3f6000 r--s 00006000 fd:00 1317770                    /home/cloudera/.m2/repository/org/apache/maven/shared/maven-common-artifact-filters/1.3/maven-common-artifact-filters-1.3.jar
7f1c9b3f6000-7f1c9b3fc000 r--s 00048000 fd:00 3287435                    /home/cloudera/.m2/repository/org/apache/commons/commons-lang3/3.1/commons-lang3-3.1.jar
7f1c9b3fc000-7f1c9b401000 r--s 0003c000 fd:00 1059774                    /home/cloudera/.m2/repository/org/apache/maven/surefire/maven-surefire-common/2.12.4/maven-surefire-common-2.12.4.jar
7f1c9b401000-7f1c9b405000 r--s 00019000 fd:00 1059420                    /home/cloudera/.m2/repository/org/apache/maven/surefire/surefire-api/2.12.4/surefire-api-2.12.4.jar
7f1c9b405000-7f1c9b407000 r--s 00007000 fd:00 1059418                    /home/cloudera/.m2/repository/org/apache/maven/surefire/surefire-booter/2.12.4/surefire-booter-2.12.4.jar
7f1c9b407000-7f1c9b408000 r--s 00007000 fd:00 3154582                    /home/cloudera/.m2/repository/org/apache/maven/plugins/maven-surefire-plugin/2.12.4/maven-surefire-plugin-2.12.4.jar
7f1c9b408000-7f1c9b40b000 r--s 0001b000 fd:00 3154482                    /home/cloudera/.m2/repository/junit/junit/3.8.2/junit-3.8.2.jar
7f1c9b40b000-7f1c9b419000 r--s 0008f000 fd:00 792435                     /home/cloudera/.m2/repository/com/google/collections/google-collections/1.0/google-collections-1.0.jar
7f1c9b419000-7f1c9b41a000 r--s 0000a000 fd:00 792433                     /home/cloudera/.m2/repository/commons-logging/commons-logging-api/1.1/commons-logging-api-1.1.jar
7f1c9b41a000-7f1c9b421000 r--s 00051000 fd:00 792431                     /home/cloudera/.m2/repository/log4j/log4j/1.2.12/log4j-1.2.12.jar
7f1c9b421000-7f1c9b425000 r--s 0001d000 fd:00 658329                     /home/cloudera/.m2/repository/org/apache/xbean/xbean-reflect/3.4/xbean-reflect-3.4.jar
7f1c9b425000-7f1c9b426000 r--s 00004000 fd:00 793047                     /home/cloudera/.m2/repository/org/codehaus/plexus/plexus-compiler-javac/2.2/plexus-compiler-javac-2.2.jar
7f1c9b426000-7f1c9b428000 r--s 00000000 fd:00 793045                     /home/cloudera/.m2/repository/org/codehaus/plexus/plexus-compiler-manager/2.2/plexus-compiler-manager-2.2.jar
7f1c9b428000-7f1c9b42a000 r--s 00005000 fd:00 793027                     /home/cloudera/.m2/repository/org/codehaus/plexus/plexus-compiler-api/2.2/plexus-compiler-api-2.2.jar
7f1c9b42a000-7f1c9b42c000 r--s 00000000 fd:00 792419                     /home/cloudera/.m2/repository/org/codehaus/plexus/plexus-component-annotations/1.5.5/plexus-component-annotations-1.5.5.jar
7f1c9b42c000-7f1c9b42e000 r--s 00002000 fd:00 792417                     /home/cloudera/.m2/repository/org/apache/maven/shared/maven-shared-incremental/1.1/maven-shared-incremental-1.1.jar
7f1c9b42e000-7f1c9b430000 r--s 00006000 fd:00 401394                     /home/cloudera/.m2/repository/com/google/code/findbugs/jsr305/2.0.1/jsr305-2.0.1.jar
7f1c9b430000-7f1c9b433000 r--s 00023000 fd:00 793025                     /home/cloudera/.m2/repository/org/apache/maven/shared/maven-shared-utils/0.1/maven-shared-utils-0.1.jar
7f1c9b433000-7f1c9b435000 r--s 00009000 fd:00 3154614                    /home/cloudera/.m2/repository/org/apache/maven/plugins/maven-compiler-plugin/3.1/maven-compiler-plugin-3.1.jar
7f1c9b435000-7f1c9b438000 r--s 00020000 fd:00 1571170                    /home/cloudera/.m2/repository/org/codehaus/plexus/plexus-archiver/1.0-alpha-7/plexus-archiver-1.0-alpha-7.jar
7f1c9b438000-7f1c9b439000 r--s 00007000 fd:00 1570395                    /home/cloudera/.m2/repository/org/apache/maven/shared/maven-plugin-testing-harness/1.1/maven-plugin-testing-harness-1.1.jar
7f1c9b439000-7f1c9b43b000 r--s 00005000 fd:00 1571167                    /home/cloudera/.m2/repository/org/apache/maven/shared/maven-common-artifact-filters/1.0/maven-common-artifact-filters-1.0.jar
7f1c9b43b000-7f1c9b43d000 r--s 00007000 fd:00 928023                     /home/cloudera/.m2/repository/org/apache/maven/shared/maven-dependency-tree/1.2/maven-dependency-tree-1.2.jar
7f1c9b43d000-7f1c9b43f000 r--s 00009000 fd:00 3022457                    /home/cloudera/.m2/repository/asm/asm/3.0/asm-3.0.jar
7f1c9b43f000-7f1c9b441000 r--s 00005000 fd:00 1446978                    /home/cloudera/.m2/repository/org/apache/maven/shared/maven-dependency-analyzer/1.1/maven-dependency-analyzer-1.1.jar
7f1c9b441000-7f1c9b443000 r--s 00014000 fd:00 1571164                    /home/cloudera/.m2/repository/jline/jline/0.9.93/jline-0.9.93.jar
7f1c9b443000-7f1c9b444000 r--s 00009000 fd:00 1571161                    /home/cloudera/.m2/repository/org/apache/maven/doxia/doxia-decoration-model/1.0-alpha-8/doxia-decoration-model-1.0-alpha-8.jar
7f1c9b444000-7f1c9b44f000 r--s 00074000 fd:00 1571158                    /home/cloudera/.m2/repository/velocity/velocity-dep/1.4/velocity-dep-1.4.jar
7f1c9b44f000-7f1c9b457000 r--s 00051000 fd:00 1571155                    /home/cloudera/.m2/repository/velocity/velocity/1.4/velocity-1.4.jar
7f1c9b457000-7f1c9b45b000 r--s 00013000 fd:00 1571152                    /home/cloudera/.m2/repository/commons-collections/commons-collections/2.0/commons-collections-2.0.jar
7f1c9b45b000-7f1c9b45c000 r--s 00001000 fd:00 531866                     /home/cloudera/.m2/repository/org/codehaus/plexus/plexus-velocity/1.1.3/plexus-velocity-1.1.3.jar
7f1c9b45c000-7f1c9b45d000 r--s 00002000 fd:00 531863                     /home/cloudera/.m2/repository/org/codehaus/plexus/plexus-i18n/1.0-beta-6/plexus-i18n-1.0-beta-6.jar
7f1c9b45d000-7f1c9b45f000 r--s 00007000 fd:00 1571149                    /home/cloudera/.m2/repository/org/apache/maven/doxia/doxia-site-renderer/1.0-alpha-8/doxia-site-renderer-1.0-alpha-8.jar
7f1c9b45f000-7f1c9b461000 r--s 00000000 fd:00 1059906                    /home/cloudera/.m2/repository/org/apache/maven/reporting/maven-reporting-api/2.0.4/maven-reporting-api-2.0.4.jar
7f1c9b461000-7f1c9b463000 r--s 0000e000 fd:00 1059903                    /home/cloudera/.m2/repository/oro/oro/2.0.7/oro-2.0.7.jar
7f1c9b463000-7f1c9b469000 r--s 00033000 fd:00 1059900                    /home/cloudera/.m2/repository/org/apache/maven/doxia/doxia-core/1.0-alpha-7/doxia-core-1.0-alpha-7.jar
7f1c9b469000-7f1c9b46e000 r--s 00016000 fd:00 793546                     /home/cloudera/.m2/repository/xml-apis/xml-apis/1.0.b2/xml-apis-1.0.b2.jar
7f1c9b46e000-7f1c9b470000 r--s 00008000 fd:00 1571146                    /home/cloudera/.m2/repository/commons-logging/commons-logging/1.0.4/commons-logging-1.0.4.jar
7f1c9b470000-7f1c9b474000 r--s 00026000 fd:00 928172                     /home/cloudera/.m2/repository/commons-digester/commons-digester/1.6/commons-digester-1.6.jar
7f1c9b474000-7f1c9b479000 r--s 0002a000 fd:00 927809                     /home/cloudera/.m2/repository/commons-beanutils/commons-beanutils/1.7.0/commons-beanutils-1.7.0.jar
7f1c9b479000-7f1c9b47c000 r--s 00014000 fd:00 658625                     /home/cloudera/.m2/repository/commons-validator/commons-validator/1.2.0/commons-validator-1.2.0.jar
7f1c9b47c000-7f1c9b47e000 r--s 00002000 fd:00 793543                     /home/cloudera/.m2/repository/org/apache/maven/reporting/maven-reporting-impl/2.0.4/maven-reporting-impl-2.0.4.jar
7f1c9b47e000-7f1c9b482000 r--s 00030000 fd:00 792997                     /home/cloudera/.m2/repository/org/codehaus/plexus/plexus-utils/1.5.1/plexus-utils-1.5.1.jar
7f1c9b482000-7f1c9b484000 r--s 00012000 fd:00 793420                     /home/cloudera/.m2/repository/org/scala-tools/maven-scala-plugin/2.11/maven-scala-plugin-2.11.jar
7f1c9b484000-7f1c9b486000 r--s 0000d000 fd:00 792840                     /home/cloudera/.m2/repository/org/codehaus/plexus/plexus-interpolation/1.13/plexus-interpolation-1.13.jar
7f1c9b486000-7f1c9b487000 r--s 00001000 fd:00 792838                     /home/cloudera/.m2/repository/org/sonatype/plexus/plexus-build-api/0.0.4/plexus-build-api-0.0.4.jar
7f1c9b487000-7f1c9b489000 r--s 00009000 fd:00 792836                     /home/cloudera/.m2/repository/org/apache/maven/shared/maven-filtering/1.1/maven-filtering-1.1.jar
7f1c9b489000-7f1c9b48d000 r--s 00033000 fd:00 792834                     /home/cloudera/.m2/repository/org/codehaus/plexus/plexus-utils/2.0.5/plexus-utils-2.0.5.jar
7f1c9b48d000-7f1c9b490000 r--s 0001b000 fd:00 3154611                    /home/cloudera/.m2/repository/junit/junit/3.8.1/junit-3.8.1.jar
7f1c9b490000-7f1c9b492000 r--s 00002000 fd:00 792828                     /home/cloudera/.m2/repository/org/codehaus/plexus/plexus-interactivity-api/1.0-alpha-4/plexus-interactivity-api-1.0-alpha-4.jar
7f1c9b492000-7f1c9b494000 r--s 00006000 fd:00 3289111                    /home/cloudera/.m2/repository/commons-cli/commons-cli/1.0/commons-cli-1.0.jar
7f1c9b494000-7f1c9b496000 r--s 00006000 fd:00 3154570                    /home/cloudera/.m2/repository/org/apache/maven/plugins/maven-resources-plugin/2.6/maven-resources-plugin-2.6.jar
7f1c9b496000-7f1c9b49a000 r--s 00034000 fd:00 1059516                    /home/cloudera/.m2/repository/org/codehaus/plexus/plexus-utils/3.0/plexus-utils-3.0.jar
7f1c9b49a000-7f1c9b49c000 r--s 00005000 fd:00 3154564                    /home/cloudera/.m2/repository/org/apache/maven/plugins/maven-clean-plugin/2.5/maven-clean-plugin-2.5.jar
7f1c9b49c000-7f1c9b4a0000 r--s 0008a000 fd:00 2895202                    /usr/java/jdk1.7.0_67-cloudera/jre/lib/jsse.jar
7f1c9b4a0000-7f1c9b4d1000 rw-p 00000000 00:00 0 
7f1c9b4d1000-7f1c9b4e7000 r-xp 00000000 fd:00 2895084                    /usr/java/jdk1.7.0_67-cloudera/jre/lib/amd64/libnet.so
7f1c9b4e7000-7f1c9b6e7000 ---p 00016000 fd:00 2895084                    /usr/java/jdk1.7.0_67-cloudera/jre/lib/amd64/libnet.so
7f1c9b6e7000-7f1c9b6e8000 rw-p 00016000 fd:00 2895084                    /usr/java/jdk1.7.0_67-cloudera/jre/lib/amd64/libnet.so
7f1c9b6e8000-7f1c9b6f8000 r-xp 00000000 fd:00 2895085                    /usr/java/jdk1.7.0_67-cloudera/jre/lib/amd64/libnio.so
7f1c9b6f8000-7f1c9b8f8000 ---p 00010000 fd:00 2895085                    /usr/java/jdk1.7.0_67-cloudera/jre/lib/amd64/libnio.so
7f1c9b8f8000-7f1c9b8f9000 rw-p 00010000 fd:00 2895085                    /usr/java/jdk1.7.0_67-cloudera/jre/lib/amd64/libnio.so
7f1c9b8f9000-7f1c9b8fa000 ---p 00000000 00:00 0 
7f1c9b8fa000-7f1c9b9fa000 rw-p 00000000 00:00 0 
7f1c9b9fa000-7f1c9b9fd000 ---p 00000000 00:00 0 
7f1c9b9fd000-7f1c9bafb000 rw-p 00000000 00:00 0 
7f1c9bafb000-7f1c9bafe000 ---p 00000000 00:00 0 
7f1c9bafe000-7f1c9bbfc000 rw-p 00000000 00:00 0 
7f1c9bbfc000-7f1c9bbff000 ---p 00000000 00:00 0 
7f1c9bbff000-7f1c9bcfd000 rw-p 00000000 00:00 0 
7f1c9bcfd000-7f1c9bd00000 ---p 00000000 00:00 0 
7f1c9bd00000-7f1c9bdfe000 rw-p 00000000 00:00 0 
7f1c9bdfe000-7f1c9be01000 ---p 00000000 00:00 0 
7f1c9be01000-7f1c9beff000 rw-p 00000000 00:00 0 
7f1c9beff000-7f1c9bf02000 ---p 00000000 00:00 0 
7f1c9bf02000-7f1c9c000000 rw-p 00000000 00:00 0 
7f1c9c000000-7f1c9c031000 rw-p 00000000 00:00 0 
7f1c9c031000-7f1ca0000000 ---p 00000000 00:00 0 
7f1ca0000000-7f1ca0070000 rw-p 00000000 00:00 0 
7f1ca0070000-7f1ca4000000 ---p 00000000 00:00 0 
7f1ca4000000-7f1ca427b000 rw-p 00000000 00:00 0 
7f1ca427b000-7f1ca8000000 ---p 00000000 00:00 0 
7f1ca8000000-7f1ca8001000 r--s 00001000 fd:00 792820                     /home/cloudera/.m2/repository/org/apache/maven/doxia/doxia-sink-api/1.0-alpha-7/doxia-sink-api-1.0-alpha-7.jar
7f1ca8001000-7f1ca8002000 r--s 00002000 fd:00 528653                     /home/cloudera/Downloads/eclipse/plugins/org.eclipse.m2e.maven.runtime.slf4j.simple_1.6.2.20150902-0001/jars/slf4j-simple-1.7.5.jar
7f1ca8002000-7f1ca8007000 r--s 00041000 fd:00 529315                     /home/cloudera/Downloads/eclipse/plugins/org.eclipse.m2e.maven.runtime_1.6.2.20150902-0001/jars/commons-lang-2.6.jar
7f1ca8007000-7f1ca8008000 r--s 00002000 fd:00 529299                     /home/cloudera/Downloads/eclipse/plugins/org.eclipse.m2e.maven.runtime_1.6.2.20150902-0001/jars/wagon-file-2.9.jar
7f1ca8008000-7f1ca800a000 r--s 00005000 fd:00 529313                     /home/cloudera/Downloads/eclipse/plugins/org.eclipse.m2e.maven.runtime_1.6.2.20150902-0001/jars/aether-transport-wagon-1.0.2.v20150114.jar
7f1ca800a000-7f1ca800b000 r--s 00008000 fd:00 529308                     /home/cloudera/Downloads/eclipse/plugins/org.eclipse.m2e.maven.runtime_1.6.2.20150902-0001/jars/aether-connector-basic-1.0.2.v20150114.jar
7f1ca800b000-7f1ca800d000 r--s 0000e000 fd:00 529320                     /home/cloudera/Downloads/eclipse/plugins/org.eclipse.m2e.maven.runtime_1.6.2.20150902-0001/jars/okio-1.3.0.jar
7f1ca800d000-7f1ca8038000 r--s 001fc000 fd:00 529329                     /home/cloudera/Downloads/eclipse/plugins/org.eclipse.m2e.maven.runtime_1.6.2.20150902-0001/jars/guava-18.0.jar
7f1ca8038000-7f1ca8039000 ---p 00000000 00:00 0 
7f1ca8039000-7f1cad000000 rw-p 00000000 00:00 0 
7f1cad000000-7f1cad4a0000 rwxp 00000000 00:00 0 
7f1cad4a0000-7f1cb0be8000 rw-p 00000000 00:00 0 
7f1cb0be8000-7f1cb4000000 ---p 00000000 00:00 0 
7f1cb4000000-7f1cb4005000 r--s 00043000 fd:00 529326                     /home/cloudera/Downloads/eclipse/plugins/org.eclipse.m2e.maven.runtime_1.6.2.20150902-0001/jars/okhttp-2.3.0.jar
7f1cb4005000-7f1cb4007000 r--s 0000a000 fd:00 529335                     /home/cloudera/Downloads/eclipse/plugins/org.eclipse.m2e.maven.runtime_1.6.2.20150902-0001/jars/aether-connector-okhttp-0.15.0.jar
7f1cb4007000-7f1cb4009000 r--s 00006000 fd:00 529332                     /home/cloudera/Downloads/eclipse/plugins/org.eclipse.m2e.maven.runtime_1.6.2.20150902-0001/jars/aether-spi-1.0.2.v20150114.jar
7f1cb4009000-7f1cb400d000 r--s 00027000 fd:00 529325                     /home/cloudera/Downloads/eclipse/plugins/org.eclipse.m2e.maven.runtime_1.6.2.20150902-0001/jars/aether-impl-1.0.2.v20150114.jar
7f1cb400d000-7f1cb4016000 r--s 00059000 fd:00 529301                     /home/cloudera/Downloads/eclipse/plugins/org.eclipse.m2e.maven.runtime_1.6.2.20150902-0001/jars/sisu-guice-3.2.5-no_aop.jar
7f1cb4016000-7f1cb401d000 r--s 00055000 fd:00 529324                     /home/cloudera/Downloads/eclipse/plugins/org.eclipse.m2e.maven.runtime_1.6.2.20150902-0001/jars/org.eclipse.sisu.inject-0.3.0.jar
7f1cb401d000-7f1cb401e000 r--s 00001000 fd:00 529309                     /home/cloudera/Downloads/eclipse/plugins/org.eclipse.m2e.maven.runtime_1.6.2.20150902-0001/jars/jsr250-api-1.0.jar
7f1cb401e000-7f1cb4021000 r--s 00008000 fd:00 529303                     /home/cloudera/Downloads/eclipse/plugins/org.eclipse.m2e.maven.runtime_1.6.2.20150902-0001/jars/cdi-api-1.0.jar
7f1cb4021000-7f1cb4027000 r--s 0002d000 fd:00 529300                     /home/cloudera/Downloads/eclipse/plugins/org.eclipse.m2e.maven.runtime_1.6.2.20150902-0001/jars/org.eclipse.sisu.plexus-0.3.0.jar
7f1cb4027000-7f1cb402a000 r--s 0000b000 fd:00 529323                     /home/cloudera/Downloads/eclipse/plugins/org.eclipse.m2e.maven.runtime_1.6.2.20150902-0001/jars/wagon-provider-api-2.9.jar
7f1cb402a000-7f1cb4031000 r--s 00040000 fd:00 529314                     /home/cloudera/Downloads/eclipse/plugins/org.eclipse.m2e.maven.runtime_1.6.2.20150902-0001/jars/maven-compat-3.3.3.jar
7f1cb4031000-7f1cb4033000 r--s 00009000 fd:00 529318                     /home/cloudera/Downloads/eclipse/plugins/org.eclipse.m2e.maven.runtime_1.6.2.20150902-0001/jars/commons-cli-1.2.jar
7f1cb4033000-7f1cb4035000 r--s 00002000 fd:00 529317                     /home/cloudera/Downloads/eclipse/plugins/org.eclipse.m2e.maven.runtime_1.6.2.20150902-0001/jars/plexus-cipher-1.7.jar
7f1cb4035000-7f1cb4038000 r--s 00013000 fd:00 529327                     /home/cloudera/Downloads/eclipse/plugins/org.eclipse.m2e.maven.runtime_1.6.2.20150902-0001/jars/maven-embedder-3.3.3.jar
7f1cb4038000-7f1cb4039000 r--s 00006000 fd:00 529322                     /home/cloudera/Downloads/eclipse/plugins/org.eclipse.m2e.maven.runtime_1.6.2.20150902-0001/jars/plexus-sec-dispatcher-1.3.jar
7f1cb4039000-7f1cb403b000 r--s 00000000 fd:00 529330                     /home/cloudera/Downloads/eclipse/plugins/org.eclipse.m2e.maven.runtime_1.6.2.20150902-0001/jars/plexus-component-annotations-1.5.5.jar
7f1cb403b000-7f1cb403f000 r--s 00038000 fd:00 529336                     /home/cloudera/Downloads/eclipse/plugins/org.eclipse.m2e.maven.runtime_1.6.2.20150902-0001/jars/plexus-utils-3.0.20.jar
7f1cb403f000-7f1cb4042000 r--s 0000d000 fd:00 529333                     /home/cloudera/Downloads/eclipse/plugins/org.eclipse.m2e.maven.runtime_1.6.2.20150902-0001/jars/plexus-interpolation-1.21.jar
7f1cb4042000-7f1cb4046000 r--s 00020000 fd:00 529337                     /home/cloudera/Downloads/eclipse/plugins/org.eclipse.m2e.maven.runtime_1.6.2.20150902-0001/jars/aether-util-1.0.2.v20150114.jar
7f1cb4046000-7f1cb404b000 r--s 0001d000 fd:00 529316                     /home/cloudera/Downloads/eclipse/plugins/org.eclipse.m2e.maven.runtime_1.6.2.20150902-0001/jars/aether-api-1.0.2.v20150114.jar
7f1cb404b000-7f1cb404d000 r--s 0000f000 fd:00 529319                     /home/cloudera/Downloads/eclipse/plugins/org.eclipse.m2e.maven.runtime_1.6.2.20150902-0001/jars/maven-aether-provider-3.3.3.jar
7f1cb404d000-7f1cb4052000 r--s 00027000 fd:00 529305                     /home/cloudera/Downloads/eclipse/plugins/org.eclipse.m2e.maven.runtime_1.6.2.20150902-0001/jars/maven-model-builder-3.3.3.jar
7f1cb4052000-7f1cb4054000 r--s 0000a000 fd:00 529304                     /home/cloudera/Downloads/eclipse/plugins/org.eclipse.m2e.maven.runtime_1.6.2.20150902-0001/jars/maven-plugin-api-3.3.3.jar
7f1cb4054000-7f1cb4056000 r--s 0000c000 fd:00 529312                     /home/cloudera/Downloads/eclipse/plugins/org.eclipse.m2e.maven.runtime_1.6.2.20150902-0001/jars/maven-artifact-3.3.3.jar
7f1cb4056000-7f1cb4063000 r--s 0008e000 fd:00 529334                     /home/cloudera/Downloads/eclipse/plugins/org.eclipse.m2e.maven.runtime_1.6.2.20150902-0001/jars/maven-core-3.3.3.jar
7f1cb4063000-7f1cb44d3000 rw-p 00000000 00:00 0 
7f1cb44d3000-7f1cb4692000 r--s 039e5000 fd:00 2895217                    /usr/java/jdk1.7.0_67-cloudera/jre/lib/rt.jar
7f1cb4692000-7f1cb4c51000 rw-p 00000000 00:00 0 
7f1cb4c51000-7f1cb4c52000 ---p 00000000 00:00 0 
7f1cb4c52000-7f1cb4d52000 rw-p 00000000 00:00 0 
7f1cb4d52000-7f1cb4d53000 ---p 00000000 00:00 0 
7f1cb4d53000-7f1cb4e66000 rw-p 00000000 00:00 0 
7f1cb4e66000-7f1cb4e7c000 rw-p 00000000 00:00 0 
7f1cb4e7c000-7f1cb4f31000 rw-p 00000000 00:00 0 
7f1cb4f31000-7f1cb5171000 rw-p 00000000 00:00 0 
7f1cb5171000-7f1cb5184000 rw-p 00000000 00:00 0 
7f1cb5184000-7f1cb519a000 rw-p 00000000 00:00 0 
7f1cb519a000-7f1cb524f000 rw-p 00000000 00:00 0 
7f1cb524f000-7f1cb548e000 rw-p 00000000 00:00 0 
7f1cb548e000-7f1cb5609000 rw-p 00000000 00:00 0 
7f1cb5609000-7f1cb561d000 rw-p 00000000 00:00 0 
7f1cb561d000-7f1cb56ca000 rw-p 00000000 00:00 0 
7f1cb56ca000-7f1cb56e4000 r-xp 00000000 fd:00 2895096                    /usr/java/jdk1.7.0_67-cloudera/jre/lib/amd64/libzip.so
7f1cb56e4000-7f1cb58e4000 ---p 0001a000 fd:00 2895096                    /usr/java/jdk1.7.0_67-cloudera/jre/lib/amd64/libzip.so
7f1cb58e4000-7f1cb58e5000 rw-p 0001a000 fd:00 2895096                    /usr/java/jdk1.7.0_67-cloudera/jre/lib/amd64/libzip.so
7f1cb58e5000-7f1cb58f1000 r-xp 00000000 fd:00 3142002                    /lib64/libnss_files-2.12.so
7f1cb58f1000-7f1cb5af1000 ---p 0000c000 fd:00 3142002                    /lib64/libnss_files-2.12.so
7f1cb5af1000-7f1cb5af2000 r--p 0000c000 fd:00 3142002                    /lib64/libnss_files-2.12.so
7f1cb5af2000-7f1cb5af3000 rw-p 0000d000 fd:00 3142002                    /lib64/libnss_files-2.12.so
7f1cb5af3000-7f1cb5af4000 r--s 00002000 fd:00 792818                     /home/cloudera/.m2/repository/org/apache/maven/reporting/maven-reporting-api/2.0.6/maven-reporting-api-2.0.6.jar
7f1cb5af4000-7f1cb5af6000 r--s 00005000 fd:00 529302                     /home/cloudera/Downloads/eclipse/plugins/org.eclipse.m2e.maven.runtime_1.6.2.20150902-0001/jars/maven-repository-metadata-3.3.3.jar
7f1cb5af6000-7f1cb5af8000 r--s 00009000 fd:00 529328                     /home/cloudera/Downloads/eclipse/plugins/org.eclipse.m2e.maven.runtime_1.6.2.20150902-0001/jars/maven-settings-builder-3.3.3.jar
7f1cb5af8000-7f1cb5afa000 r--s 00009000 fd:00 529311                     /home/cloudera/Downloads/eclipse/plugins/org.eclipse.m2e.maven.runtime_1.6.2.20150902-0001/jars/maven-settings-3.3.3.jar
7f1cb5afa000-7f1cb5afd000 r--s 00025000 fd:00 529306                     /home/cloudera/Downloads/eclipse/plugins/org.eclipse.m2e.maven.runtime_1.6.2.20150902-0001/jars/maven-model-3.3.3.jar
7f1cb5afd000-7f1cb5afe000 r--s 00003000 fd:00 529331                     /home/cloudera/Downloads/eclipse/plugins/org.eclipse.m2e.maven.runtime_1.6.2.20150902-0001/jars/takari-filemanager-0.7.0.jar
7f1cb5afe000-7f1cb5b00000 r--s 00001000 fd:00 529310                     /home/cloudera/Downloads/eclipse/plugins/org.eclipse.m2e.maven.runtime_1.6.2.20150902-0001/jars/takari-local-repository-0.9.0.jar
7f1cb5b00000-7f1cb5b29000 r-xp 00000000 fd:00 2895066                    /usr/java/jdk1.7.0_67-cloudera/jre/lib/amd64/libjava.so
7f1cb5b29000-7f1cb5d29000 ---p 00029000 fd:00 2895066                    /usr/java/jdk1.7.0_67-cloudera/jre/lib/amd64/libjava.so
7f1cb5d29000-7f1cb5d2b000 rw-p 00029000 fd:00 2895066                    /usr/java/jdk1.7.0_67-cloudera/jre/lib/amd64/libjava.so
7f1cb5d2b000-7f1cb5d38000 r-xp 00000000 fd:00 2895095                    /usr/java/jdk1.7.0_67-cloudera/jre/lib/amd64/libverify.so
7f1cb5d38000-7f1cb5f37000 ---p 0000d000 fd:00 2895095                    /usr/java/jdk1.7.0_67-cloudera/jre/lib/amd64/libverify.so
7f1cb5f37000-7f1cb5f39000 rw-p 0000c000 fd:00 2895095                    /usr/java/jdk1.7.0_67-cloudera/jre/lib/amd64/libverify.so
7f1cb5f39000-7f1cb5f3c000 ---p 00000000 00:00 0 
7f1cb5f3c000-7f1cb603a000 rw-p 00000000 00:00 0 
7f1cb603a000-7f1cb6baa000 r-xp 00000000 fd:00 2895100                    /usr/java/jdk1.7.0_67-cloudera/jre/lib/amd64/server/libjvm.so
7f1cb6baa000-7f1cb6da9000 ---p 00b70000 fd:00 2895100                    /usr/java/jdk1.7.0_67-cloudera/jre/lib/amd64/server/libjvm.so
7f1cb6da9000-7f1cb6e6e000 rw-p 00b6f000 fd:00 2895100                    /usr/java/jdk1.7.0_67-cloudera/jre/lib/amd64/server/libjvm.so
7f1cb6e6e000-7f1cb6eb1000 rw-p 00000000 00:00 0 
7f1cb6eb1000-7f1cb6ec7000 r-xp 00000000 fd:00 3149937                    /usr/java/jdk1.7.0_67-cloudera/lib/amd64/jli/libjli.so
7f1cb6ec7000-7f1cb70c7000 ---p 00016000 fd:00 3149937                    /usr/java/jdk1.7.0_67-cloudera/lib/amd64/jli/libjli.so
7f1cb70c7000-7f1cb70c8000 rw-p 00016000 fd:00 3149937                    /usr/java/jdk1.7.0_67-cloudera/lib/amd64/jli/libjli.so
7f1cb70c8000-7f1cb70c9000 rw-p 00000000 00:00 0 
7f1cb70c9000-7f1cb70ca000 r--s 00003000 fd:00 529298                     /home/cloudera/Downloads/eclipse/plugins/org.eclipse.m2e.maven.runtime_1.6.2.20150902-0001/jars/maven-builder-support-3.3.3.jar
7f1cb70ca000-7f1cb70cc000 r--s 0000b000 fd:00 529321                     /home/cloudera/Downloads/eclipse/plugins/org.eclipse.m2e.maven.runtime_1.6.2.20150902-0001/jars/plexus-classworlds-2.5.2.jar
7f1cb70cc000-7f1cb70d4000 rw-s 00000000 fd:00 531880                     /tmp/hsperfdata_cloudera/31518
7f1cb70d4000-7f1cb70d5000 rw-p 00000000 00:00 0 
7f1cb70d5000-7f1cb70d6000 ---p 00000000 00:00 0 
7f1cb70d6000-7f1cb70d7000 rw-p 00000000 00:00 0 
7fff5399d000-7fff539b2000 rw-p 00000000 00:00 0                          [stack]
7fff539ff000-7fff53a00000 r-xp 00000000 00:00 0                          [vdso]
ffffffffff600000-ffffffffff601000 r-xp 00000000 00:00 0                  [vsyscall]

VM Arguments:
jvm_args: -Dmaven.home=EMBEDDED -Dclassworlds.conf=/home/cloudera/workspace_scala/.metadata/.plugins/org.eclipse.m2e.launching/launches/m2conf6836636109043574358.tmp -Dmaven.multiModuleProjectDirectory=/home/cloudera/workspace_scala/YahooFinance -Dfile.encoding=UTF-8 
java_command: org.codehaus.plexus.classworlds.launcher.Launcher -B -Dmaven.test.skip=true -DskipTests clean install
Launcher Type: SUN_STANDARD

Environment Variables:
JAVA_HOME=/usr/java/jdk1.7.0_67-cloudera
PATH=/home/cloudera/Downloads/spark-2.0.0-bin-hadoop2.4//bin:/home/cloudera/Downloads/spark-2.0.0-bin-hadoop2.4//sbin:/usr/local/firefox:/sbin:/usr/java/jdk1.7.0_67-cloudera/bin:/usr/local/apache-ant/apache-ant-1.9.2/bin:/usr/local/apache-maven/apache-maven-3.0.4/bin:/usr/local/bin:/usr/bin:/bin:/usr/local/sbin:/usr/sbin:/sbin:/opt/scala/scala-2.11.7//bin:/home/cloudera/bin
USERNAME=cloudera
SHELL=/bin/bash
DISPLAY=:0.0

Signal Handlers:
SIGSEGV: [libjvm.so+0x99f4a0], sa_mask[0]=0x7ffbfeff, sa_flags=0x10000004
SIGBUS: [libjvm.so+0x99f4a0], sa_mask[0]=0x7ffbfeff, sa_flags=0x10000004
SIGFPE: [libjvm.so+0x81a860], sa_mask[0]=0x7ffbfeff, sa_flags=0x10000004
SIGPIPE: [libjvm.so+0x81a860], sa_mask[0]=0x7ffbfeff, sa_flags=0x10000004
SIGXFSZ: [libjvm.so+0x81a860], sa_mask[0]=0x7ffbfeff, sa_flags=0x10000004
SIGILL: [libjvm.so+0x81a860], sa_mask[0]=0x7ffbfeff, sa_flags=0x10000004
SIGUSR1: SIG_DFL, sa_mask[0]=0x00000000, sa_flags=0x00000000
SIGUSR2: [libjvm.so+0x81c060], sa_mask[0]=0x00000004, sa_flags=0x10000004
SIGHUP: [libjvm.so+0x81d160], sa_mask[0]=0x7ffbfeff, sa_flags=0x10000004
SIGINT: [libjvm.so+0x81d160], sa_mask[0]=0x7ffbfeff, sa_flags=0x10000004
SIGTERM: [libjvm.so+0x81d160], sa_mask[0]=0x7ffbfeff, sa_flags=0x10000004
SIGQUIT: [libjvm.so+0x81d160], sa_mask[0]=0x7ffbfeff, sa_flags=0x10000004


---------------  S Y S T E M  ---------------

OS:CentOS release 6.4 (Final)

uname:Linux 2.6.32-358.el6.x86_64 #1 SMP Fri Feb 22 00:31:26 UTC 2013 x86_64
libc:glibc 2.12 NPTL 2.12 
rlimit: STACK 10240k, CORE 0k, NPROC 1024, NOFILE 4096, AS infinity
load average:3.35 1.34 0.80

/proc/meminfo:
MemTotal:        9292652 kB
MemFree:          127136 kB
Buffers:             456 kB
Cached:           108760 kB
SwapCached:            0 kB
Active:          7532116 kB
Inactive:        1365688 kB
Active(anon):    7481456 kB
Inactive(anon):  1312464 kB
Active(file):      50660 kB
Inactive(file):    53224 kB
Unevictable:           0 kB
Mlocked:               0 kB
SwapTotal:       8388600 kB
SwapFree:        8388600 kB
Dirty:               320 kB
Writeback:             0 kB
AnonPages:       8788724 kB
Mapped:            34680 kB
Shmem:              5244 kB
Slab:             114584 kB
SReclaimable:      72276 kB
SUnreclaim:        42308 kB
KernelStack:       11744 kB
PageTables:        49412 kB
NFS_Unstable:          0 kB
Bounce:                0 kB
WritebackTmp:          0 kB
CommitLimit:    13034924 kB
Committed_AS:   18091428 kB
VmallocTotal:   34359738367 kB
VmallocUsed:      173816 kB
VmallocChunk:   34359558388 kB
HardwareCorrupted:     0 kB
AnonHugePages:   6559744 kB
HugePages_Total:       0
HugePages_Free:        0
HugePages_Rsvd:        0
HugePages_Surp:        0
Hugepagesize:       2048 kB
DirectMap4k:       10240 kB
DirectMap2M:     9627648 kB


CPU:total 2 (2 cores per cpu, 1 threads per core) family 6 model 69 stepping 1, cmov, cx8, fxsr, mmx, sse, sse2, sse3, ssse3, sse4.1, sse4.2, popcnt, avx, aes, tsc, tscinvbit

/proc/cpuinfo:
processor	: 0
vendor_id	: GenuineIntel
cpu family	: 6
model		: 69
model name	: Intel(R) Core(TM) i5-4210U CPU @ 1.70GHz
stepping	: 1
cpu MHz		: 2394.458
cache size	: 3072 KB
physical id	: 0
siblings	: 2
core id		: 0
cpu cores	: 2
apicid		: 0
initial apicid	: 0
fpu		: yes
fpu_exception	: yes
cpuid level	: 13
wp		: yes
flags		: fpu vme de pse tsc msr pae mce cx8 apic sep mtrr pge mca cmov pat pse36 clflush dts mmx fxsr sse sse2 ss ht syscall nx rdtscp lm constant_tsc arch_perfmon pebs bts xtopology tsc_reliable nonstop_tsc aperfmperf unfair_spinlock pni pclmulqdq ssse3 fma cx16 sse4_1 sse4_2 movbe popcnt aes xsave avx hypervisor lahf_lm ida arat epb pln pts dts
bogomips	: 4788.91
clflush size	: 64
cache_alignment	: 64
address sizes	: 40 bits physical, 48 bits virtual
power management:

processor	: 1
vendor_id	: GenuineIntel
cpu family	: 6
model		: 69
model name	: Intel(R) Core(TM) i5-4210U CPU @ 1.70GHz
stepping	: 1
cpu MHz		: 2394.458
cache size	: 3072 KB
physical id	: 0
siblings	: 2
core id		: 1
cpu cores	: 2
apicid		: 1
initial apicid	: 1
fpu		: yes
fpu_exception	: yes
cpuid level	: 13
wp		: yes
flags		: fpu vme de pse tsc msr pae mce cx8 apic sep mtrr pge mca cmov pat pse36 clflush dts mmx fxsr sse sse2 ss ht syscall nx rdtscp lm constant_tsc arch_perfmon pebs bts xtopology tsc_reliable nonstop_tsc aperfmperf unfair_spinlock pni pclmulqdq ssse3 fma cx16 sse4_1 sse4_2 movbe popcnt aes xsave avx hypervisor lahf_lm ida arat epb pln pts dts
bogomips	: 4788.91
clflush size	: 64
cache_alignment	: 64
address sizes	: 40 bits physical, 48 bits virtual
power management:



Memory: 4k page, physical 9292652k(127136k free), swap 8388600k(8388600k free)

vm_info: Java HotSpot(TM) 64-Bit Server VM (24.65-b04) for linux-amd64 JRE (1.7.0_67-b01), built on Jul 25 2014 09:20:21 by "java_re" with gcc 4.3.0 20080428 (Red Hat 4.3.0-8)

time: Fri Dec  2 01:06:44 2016
elapsed time: 64 seconds

